[03:40:00] [modloading-worker-0/INFO] ========================================
[03:40:00] [modloading-worker-0/INFO] Minecraft: 1.20.1
[03:40:00] [modloading-worker-0/INFO] Side: server
[03:40:00] [modloading-worker-0/INFO] Development: false
[03:40:00] [modloading-worker-0/INFO] Version: 12.1.725
[03:40:00] [modloading-worker-0/INFO] Loader:
[03:40:00] [modloading-worker-0/INFO] - Forge: 47.2.0
[03:40:00] [modloading-worker-0/INFO] Dependencies:
[03:40:00] [modloading-worker-0/INFO] - Cloth Config: 11.1.118
[03:40:00] [modloading-worker-0/INFO] - Architectury: 9.2.14
[03:40:00] [modloading-worker-0/INFO] Mixin: 0.8.5
[03:40:00] [modloading-worker-0/INFO] OS: Linux 6.5.0-1025-azure (amd64)
[03:40:00] [modloading-worker-0/INFO] Java: 21.0.4 (Microsoft)
[03:40:00] [modloading-worker-0/INFO] ========================================
[03:40:00] [modloading-worker-0/INFO] Mods:
[03:40:00] [modloading-worker-0/INFO] - additionalstructures: 4.2.1
[03:40:00] [modloading-worker-0/INFO] - aether: 1.20.1-1.4.2-neoforge
[03:40:00] [modloading-worker-0/INFO] - alexsmobs: 1.22.8
[03:40:00] [modloading-worker-0/INFO] - apexcore: 10.0.0
[03:40:00] [modloading-worker-0/INFO] - architectury: 9.2.14
[03:40:00] [modloading-worker-0/INFO] - badpackets: 0.4.3
[03:40:00] [modloading-worker-0/INFO] - beautify: 2.0.2
[03:40:00] [modloading-worker-0/INFO] - betterdeserttemples: 1.20-Forge-3.0.3
[03:40:00] [modloading-worker-0/INFO] - betterendisland: 1.20-Forge-2.0.6
[03:40:00] [modloading-worker-0/INFO] - betterfortresses: 1.20-Forge-2.0.6
[03:40:00] [modloading-worker-0/INFO] - bettermineshafts: 1.20-Forge-4.0.4
[03:40:00] [modloading-worker-0/INFO] - betterstrongholds: 1.20-Forge-4.0.3
[03:40:00] [modloading-worker-0/INFO] - bettervillage: 3.1.0
[03:40:00] [modloading-worker-0/INFO] - carryon: 2.1.2.7
[03:40:00] [modloading-worker-0/INFO] - cataclysm: 2.27
[03:40:00] [modloading-worker-0/INFO] - cfm: 7.0.0-pre36
[03:40:00] [modloading-worker-0/INFO] - citadel: 2.5.4
[03:40:00] [modloading-worker-0/INFO] - cloth_config: 11.1.118
[03:40:00] [modloading-worker-0/INFO] - cobweb: 1.0.0
[03:40:00] [modloading-worker-0/INFO] - commonality: 7.0.0
[03:40:00] [modloading-worker-0/INFO] - coroutil: 1.20.1-1.3.7
[03:40:00] [modloading-worker-0/INFO] - corpse: 1.20.1-1.0.12
[03:40:00] [modloading-worker-0/INFO] - creativecore: 2.12.22
[03:40:00] [modloading-worker-0/INFO] - creeperoverhaul: 3.0.2
[03:40:00] [modloading-worker-0/INFO] - cumulus_menus: 1.20.1-1.0.0-neoforge
[03:40:00] [modloading-worker-0/INFO] - curios: 5.9.1+1.20.1
[03:40:00] [modloading-worker-0/INFO] - do_a_barrel_roll: 3.5.6+1.20.1
[03:40:00] [modloading-worker-0/INFO] - easier_sleeping: 2.1.3
[03:40:00] [modloading-worker-0/INFO] - easymagic: 8.0.1
[03:40:00] [modloading-worker-0/INFO] - easyshulkerboxes: 8.0.2
[03:40:00] [modloading-worker-0/INFO] - ecologics: 2.2.0
[03:40:00] [modloading-worker-0/INFO] - elevatorid: 1.20.1-lex-1.9
[03:40:00] [modloading-worker-0/INFO] - fantasyfurniture: 9.0.0
[03:40:00] [modloading-worker-0/INFO] - forge: 47.2.0
[03:40:00] [modloading-worker-0/INFO] - framework: 0.7.6
[03:40:00] [modloading-worker-0/INFO] - geckolib: 4.4.7
[03:40:00] [modloading-worker-0/INFO] - harvest_with_ease: 9.3.0
[03:40:00] [modloading-worker-0/INFO] - hole_filler_mod: 1.2.8
[03:40:00] [modloading-worker-0/INFO] - iceandfire: 2.1.13-1.20.1-beta-4
[03:40:00] [modloading-worker-0/INFO] - incendium: 5.3.5
[03:40:00] [modloading-worker-0/INFO] - inventorysorter: 23.0.1
[03:40:00] [modloading-worker-0/INFO] - jade: 11.9.4+forge
[03:40:00] [modloading-worker-0/INFO] - journeymap: 5.10.1
[03:40:00] [modloading-worker-0/INFO] - konkrete: 1.8.0
[03:40:00] [modloading-worker-0/INFO] - libraryferret: 4.0.0
[03:40:00] [modloading-worker-0/INFO] - lionfishapi: 2.4-Fix
[03:40:00] [modloading-worker-0/INFO] - mcwbridges: 3.0.0
[03:40:00] [modloading-worker-0/INFO] - mcwroofs: 2.3.0
[03:40:00] [modloading-worker-0/INFO] - mes: 1.3.1-1.20-forge
[03:40:00] [modloading-worker-0/INFO] - minecraft: 1.20.1
[03:40:00] [modloading-worker-0/INFO] - mixinextras: 0.3.2
[03:40:00] [modloading-worker-0/INFO] - mns: 1.0.1-1.20-forge
[03:40:00] [modloading-worker-0/INFO] - mowziesmobs: 1.6.4
[03:40:00] [modloading-worker-0/INFO] - mvs: 4.1.2-1.20-forge
[03:40:00] [modloading-worker-0/INFO] - naturalist: 4.0.3
[03:40:00] [modloading-worker-0/INFO] - nitrogen_internals: 1.20.1-1.0.7-neoforge
[03:40:00] [modloading-worker-0/INFO] - playerrevive: 2.0.26
[03:40:00] [modloading-worker-0/INFO] - plushies: 1.4.0
[03:40:00] [modloading-worker-0/INFO] - puzzlesaccessapi: 8.0.9
[03:40:00] [modloading-worker-0/INFO] - puzzlesapi: 8.1.6
[03:40:00] [modloading-worker-0/INFO] - puzzleslib: 8.1.21
[03:40:00] [modloading-worker-0/INFO] - refurbished_furniture: 1.0.2
[03:40:00] [modloading-worker-0/INFO] - repurposed_structures: 7.1.15+1.20.1-forge
[03:40:00] [modloading-worker-0/INFO] - resourcefulconfig: 2.1.2
[03:40:00] [modloading-worker-0/INFO] - resourcefullib: 2.1.20
[03:40:00] [modloading-worker-0/INFO] - ribbits: 1.20.1-Forge-3.0.0
[03:40:00] [modloading-worker-0/INFO] - roughlyenoughitems: 12.1.725
[03:40:00] [modloading-worker-0/INFO] - sophisticatedbackpacks: 3.20.5.1044
[03:40:00] [modloading-worker-0/INFO] - sophisticatedcore: 0.6.22.611
[03:40:00] [modloading-worker-0/INFO] - takesapillage: 1.0.3
[03:40:00] [modloading-worker-0/INFO] - tectonic: 2.3.5a
[03:40:00] [modloading-worker-0/INFO] - travelerstitles: 1.20-Forge-4.0.2
[03:40:00] [modloading-worker-0/INFO] - visualworkbench: 8.0.0
[03:40:00] [modloading-worker-0/INFO] - waterframes: 2.1.7a
[03:40:00] [modloading-worker-0/INFO] - watut: 1.20.1-1.1.1
[03:40:00] [modloading-worker-0/INFO] - wi_zoom: 1.5-MC1.20.1-Forge
[03:40:00] [modloading-worker-0/INFO] - yungsapi: 1.20-Forge-4.0.5
[03:40:00] [modloading-worker-0/INFO] ========================================
[03:40:00] [modloading-worker-0/INFO] [REI] Registered plugin provider AetherREIServerPlugin [aether] for REIPlugin
[03:40:00] [modloading-worker-0/INFO] [REI] Registered plugin provider DefaultPluginImpl [roughlyenoughitems] for REIServerPlugin
[03:40:00] [modloading-worker-0/INFO] [REI] Registered plugin provider DefaultPluginImpl [roughlyenoughitems] for REIPlugin
[03:40:00] [modloading-worker-0/INFO] [REI] Registered plugin provider DefaultRuntimePlugin [roughlyenoughitems] for REIServerPlugin
[03:40:00] [modloading-worker-0/INFO] [REI] Registered plugin provider DefaultRuntimePlugin [roughlyenoughitems] for REIPlugin
[03:40:00] [modloading-worker-0/INFO] [REI] Registered plugin provider AetherREIServerPlugin [aether] for REIServerPlugin
[03:40:22] [Worker-Main-2/DEBUG] [REI] Processed 0 tags in 28.87 μs for minecraft:worldgen/world_preset
[03:40:22] [Worker-Main-1/DEBUG] [REI] Processed 5 tags in 916.6 μs for minecraft:game_event
[03:40:22] [Worker-Main-2/DEBUG] [REI] Processed 0 tags in 12.00 μs for minecraft:worldgen/structure_set
[03:40:22] [Worker-Main-2/DEBUG] [REI] Processed 0 tags in 3.848 μs for minecraft:worldgen/flat_level_generator_preset
[03:40:22] [Worker-Main-1/DEBUG] [REI] Processed 5 tags in 64.99 μs for minecraft:fluid
[03:40:22] [Worker-Main-3/DEBUG] [REI] Processed 2 tags in 26.63 μs for minecraft:cat_variant
[03:40:22] [Worker-Main-1/DEBUG] [REI] Processed 4 tags in 23.63 μs for minecraft:instrument
[03:40:22] [Worker-Main-3/DEBUG] [REI] Processed 31 tags in 115.6 μs for minecraft:banner_pattern
[03:40:22] [Worker-Main-3/DEBUG] [REI] Processed 1 tags in 46.39 μs for minecraft:mob_effect
[03:40:22] [Worker-Main-1/DEBUG] [REI] Processed 1 tags in 117.6 μs for minecraft:painting_variant
[03:40:22] [Worker-Main-1/DEBUG] [REI] Processed 0 tags in 35.80 μs for minecraft:worldgen/structure
[03:40:22] [Worker-Main-2/DEBUG] [REI] Processed 0 tags in 182.6 μs for minecraft:worldgen/biome
[03:40:22] [Worker-Main-2/DEBUG] [REI] Processed 3 tags in 271.3 μs for minecraft:point_of_interest_type
[03:40:22] [Worker-Main-2/DEBUG] [REI] Processed 0 tags in 16.85 μs for minecraft:damage_type
[03:40:22] [Worker-Main-3/DEBUG] [REI] Processed 515 tags in 3.587 ms for minecraft:item
[03:40:22] [Worker-Main-2/DEBUG] [REI] Processed 116 tags in 458.7 μs for minecraft:entity_type
[03:40:22] [Worker-Main-1/DEBUG] [REI] Processed 453 tags in 4.243 ms for minecraft:block
[03:40:24] [main/DEBUG] [REI] ========================================
[03:40:24] [main/DEBUG] [REI] REIPlugin starting pre-reload for START.
[03:40:24] [main/DEBUG] [REI] Reloadables (7):
[03:40:24] [main/DEBUG] [REI]  - EntryTypeRegistryImpl
[03:40:24] [main/DEBUG] [REI]  - EntrySettingsAdapterRegistryImpl
[03:40:24] [main/DEBUG] [REI]  - RecipeManagerContextImpl
[03:40:24] [main/DEBUG] [REI]  - ItemComparatorRegistryImpl
[03:40:24] [main/DEBUG] [REI]  - FluidComparatorRegistryImpl
[03:40:24] [main/DEBUG] [REI]  - DisplaySerializerRegistryImpl
[03:40:24] [main/DEBUG] [REI]  - FluidSupportProviderImpl
[03:40:24] [main/DEBUG] [REI] Plugins (3):
[03:40:24] [main/DEBUG] [REI]  - (-100.00) DefaultPluginImpl of DefaultPluginImpl [roughlyenoughitems]
[03:40:24] [main/DEBUG] [REI]  - (0.00) DefaultRuntimePlugin of DefaultRuntimePlugin [roughlyenoughitems]
[03:40:24] [main/DEBUG] [REI]  - (0.00) AetherREIServerPlugin of AetherREIServerPlugin [aether]
[03:40:24] [main/DEBUG] [REI] ========================================
[03:40:24] [main/TRACE] [REI] [REIPlugin START] Reloading Section: "pre-register/"
[03:40:24] [main/TRACE] [REI] [REIPlugin START] Reloading Section: "pre-register/DefaultPluginImpl of DefaultPluginImpl [roughlyenoughitems]/"
[03:40:24] [main/TRACE] [REI] [REIPlugin START] Reloading Section: "pre-register/DefaultPluginImpl of DefaultPluginImpl [roughlyenoughitems]/" done in 1.029 ms
[03:40:24] [main/TRACE] [REI] [REIPlugin START] Reloading Section: "pre-register/DefaultRuntimePlugin of DefaultRuntimePlugin [roughlyenoughitems]/"
[03:40:24] [main/TRACE] [REI] [REIPlugin START] Reloading Section: "pre-register/DefaultRuntimePlugin of DefaultRuntimePlugin [roughlyenoughitems]/" done in 13.07 μs
[03:40:24] [main/TRACE] [REI] [REIPlugin START] Reloading Section: "pre-register/AetherREIServerPlugin of AetherREIServerPlugin [aether]/"
[03:40:24] [main/TRACE] [REI] [REIPlugin START] Reloading Section: "pre-register/AetherREIServerPlugin of AetherREIServerPlugin [aether]/" done in 10.31 μs
[03:40:24] [main/TRACE] [REI] [REIPlugin START] Reloading Section: "pre-register/" done in 18.87 ms
[03:40:24] [main/TRACE] [REI] [REIPlugin START] Reloading Section: "pre-stage/"
[03:40:24] [main/TRACE] [REI] [REIPlugin START] Reloading Section: "pre-stage/EntryTypeRegistryImpl/"
[03:40:24] [main/TRACE] [REI] [REIPlugin START] Reloading Section: "pre-stage/EntryTypeRegistryImpl/" done in 224.0 μs
[03:40:24] [main/TRACE] [REI] [REIPlugin START] Reloading Section: "pre-stage/EntrySettingsAdapterRegistryImpl/"
[03:40:24] [main/TRACE] [REI] [REIPlugin START] Reloading Section: "pre-stage/EntrySettingsAdapterRegistryImpl/" done in 9.548 μs
[03:40:24] [main/TRACE] [REI] [REIPlugin START] Reloading Section: "pre-stage/RecipeManagerContextImpl/"
[03:40:24] [main/TRACE] [REI] [REIPlugin START] Reloading Section: "pre-stage/RecipeManagerContextImpl/" done in 6.963 μs
[03:40:24] [main/TRACE] [REI] [REIPlugin START] Reloading Section: "pre-stage/ItemComparatorRegistryImpl/"
[03:40:24] [main/TRACE] [REI] [REIPlugin START] Reloading Section: "pre-stage/ItemComparatorRegistryImpl/" done in 6.873 μs
[03:40:24] [main/TRACE] [REI] [REIPlugin START] Reloading Section: "pre-stage/FluidComparatorRegistryImpl/"
[03:40:24] [main/TRACE] [REI] [REIPlugin START] Reloading Section: "pre-stage/FluidComparatorRegistryImpl/" done in 7.885 μs
[03:40:24] [main/TRACE] [REI] [REIPlugin START] Reloading Section: "pre-stage/DisplaySerializerRegistryImpl/"
[03:40:24] [main/TRACE] [REI] [REIPlugin START] Reloading Section: "pre-stage/DisplaySerializerRegistryImpl/" done in 7.504 μs
[03:40:24] [main/TRACE] [REI] [REIPlugin START] Reloading Section: "pre-stage/FluidSupportProviderImpl/"
[03:40:24] [main/TRACE] [REI] [REIPlugin START] Reloading Section: "pre-stage/FluidSupportProviderImpl/" done in 7.273 μs
[03:40:24] [main/TRACE] [REI] [REIPlugin START] Reloading Section: "pre-stage/" done in 2.779 ms
[03:40:24] [main/DEBUG] [REI] ========================================
[03:40:24] [main/DEBUG] [REI] REIPlugin finished pre-reload for START in 22.59 ms.
[03:40:24] [main/DEBUG] [REI] ========================================
[03:40:24] [main/DEBUG] [REI] ========================================
[03:40:24] [main/DEBUG] [REI] REIServerPlugin starting pre-reload for START.
[03:40:24] [main/DEBUG] [REI] Reloadables (2):
[03:40:24] [main/DEBUG] [REI]  - MenuInfoRegistryImpl
[03:40:24] [main/DEBUG] [REI]  - SlotAccessorRegistryImpl
[03:40:24] [main/DEBUG] [REI] Plugins (3):
[03:40:24] [main/DEBUG] [REI]  - (-100.00) DefaultPluginImpl of DefaultPluginImpl [roughlyenoughitems]
[03:40:24] [main/DEBUG] [REI]  - (0.00) AetherREIServerPlugin of AetherREIServerPlugin [aether]
[03:40:24] [main/DEBUG] [REI]  - (0.00) DefaultRuntimePlugin of DefaultRuntimePlugin [roughlyenoughitems]
[03:40:24] [main/DEBUG] [REI] ========================================
[03:40:24] [main/TRACE] [REI] [REIServerPlugin START] Reloading Section: "pre-register/"
[03:40:24] [main/TRACE] [REI] [REIServerPlugin START] Reloading Section: "pre-register/DefaultPluginImpl of DefaultPluginImpl [roughlyenoughitems]/"
[03:40:24] [main/TRACE] [REI] [REIServerPlugin START] Reloading Section: "pre-register/DefaultPluginImpl of DefaultPluginImpl [roughlyenoughitems]/" done in 18.75 μs
[03:40:24] [main/TRACE] [REI] [REIServerPlugin START] Reloading Section: "pre-register/AetherREIServerPlugin of AetherREIServerPlugin [aether]/"
[03:40:24] [main/TRACE] [REI] [REIServerPlugin START] Reloading Section: "pre-register/AetherREIServerPlugin of AetherREIServerPlugin [aether]/" done in 9.598 μs
[03:40:24] [main/TRACE] [REI] [REIServerPlugin START] Reloading Section: "pre-register/DefaultRuntimePlugin of DefaultRuntimePlugin [roughlyenoughitems]/"
[03:40:24] [main/TRACE] [REI] [REIServerPlugin START] Reloading Section: "pre-register/DefaultRuntimePlugin of DefaultRuntimePlugin [roughlyenoughitems]/" done in 7.113 μs
[03:40:24] [main/TRACE] [REI] [REIServerPlugin START] Reloading Section: "pre-register/" done in 576.7 μs
[03:40:24] [main/TRACE] [REI] [REIServerPlugin START] Reloading Section: "pre-stage/"
[03:40:24] [main/TRACE] [REI] [REIServerPlugin START] Reloading Section: "pre-stage/MenuInfoRegistryImpl/"
[03:40:24] [main/TRACE] [REI] [REIServerPlugin START] Reloading Section: "pre-stage/MenuInfoRegistryImpl/" done in 8.015 μs
[03:40:24] [main/TRACE] [REI] [REIServerPlugin START] Reloading Section: "pre-stage/SlotAccessorRegistryImpl/"
[03:40:24] [main/TRACE] [REI] [REIServerPlugin START] Reloading Section: "pre-stage/SlotAccessorRegistryImpl/" done in 7.294 μs
[03:40:24] [main/TRACE] [REI] [REIServerPlugin START] Reloading Section: "pre-stage/" done in 486.5 μs
[03:40:24] [main/DEBUG] [REI] ========================================
[03:40:24] [main/DEBUG] [REI] REIServerPlugin finished pre-reload for START in 1.400 ms.
[03:40:24] [main/DEBUG] [REI] ========================================
[03:40:24] [main/INFO] [REI] @@@@@@@@@@@@@@@@@@@@@@@@@@@@@@@@@@@@@@@@
[03:40:24] [main/INFO] [REI] REIPlugin starting main-reload for START.
[03:40:24] [main/DEBUG] [REI] Reloadables (7):
[03:40:24] [main/DEBUG] [REI]  - EntryTypeRegistryImpl
[03:40:24] [main/DEBUG] [REI]  - EntrySettingsAdapterRegistryImpl
[03:40:24] [main/DEBUG] [REI]  - RecipeManagerContextImpl
[03:40:24] [main/DEBUG] [REI]  - ItemComparatorRegistryImpl
[03:40:24] [main/DEBUG] [REI]  - FluidComparatorRegistryImpl
[03:40:24] [main/DEBUG] [REI]  - DisplaySerializerRegistryImpl
[03:40:24] [main/DEBUG] [REI]  - FluidSupportProviderImpl
[03:40:24] [main/INFO] [REI] Plugins (3):
[03:40:24] [main/INFO] [REI]  - (-100.00) DefaultPluginImpl of DefaultPluginImpl [roughlyenoughitems]
[03:40:24] [main/INFO] [REI]  - (0.00) DefaultRuntimePlugin of DefaultRuntimePlugin [roughlyenoughitems]
[03:40:24] [main/INFO] [REI]  - (0.00) AetherREIServerPlugin of AetherREIServerPlugin [aether]
[03:40:24] [main/INFO] [REI] @@@@@@@@@@@@@@@@@@@@@@@@@@@@@@@@@@@@@@@@
[03:40:24] [main/TRACE] [REI] [REIPlugin START] Reloading Section: "start-reload/"
[03:40:24] [main/TRACE] [REI] [REIPlugin START] Reloading Section: "start-reload/EntryTypeRegistryImpl/"
[03:40:24] [main/TRACE] [REI] [REIPlugin START] Reloading Section: "start-reload/EntryTypeRegistryImpl/" done in 40.16 μs
[03:40:24] [main/TRACE] [REI] [REIPlugin START] Reloading Section: "start-reload/EntrySettingsAdapterRegistryImpl/"
[03:40:24] [main/TRACE] [REI] [REIPlugin START] Reloading Section: "start-reload/EntrySettingsAdapterRegistryImpl/" done in 14.39 μs
[03:40:24] [main/TRACE] [REI] [REIPlugin START] Reloading Section: "start-reload/RecipeManagerContextImpl/"
[03:40:24] [main/TRACE] [REI] [REIPlugin START] Reloading Section: "start-reload/RecipeManagerContextImpl/" done in 7.795 μs
[03:40:24] [main/TRACE] [REI] [REIPlugin START] Reloading Section: "start-reload/ItemComparatorRegistryImpl/"
[03:40:24] [main/TRACE] [REI] [REIPlugin START] Reloading Section: "start-reload/ItemComparatorRegistryImpl/" done in 29.21 μs
[03:40:24] [main/TRACE] [REI] [REIPlugin START] Reloading Section: "start-reload/FluidComparatorRegistryImpl/"
[03:40:24] [main/TRACE] [REI] [REIPlugin START] Reloading Section: "start-reload/FluidComparatorRegistryImpl/" done in 10.62 μs
[03:40:24] [main/TRACE] [REI] [REIPlugin START] Reloading Section: "start-reload/DisplaySerializerRegistryImpl/"
[03:40:24] [main/TRACE] [REI] [REIPlugin START] Reloading Section: "start-reload/DisplaySerializerRegistryImpl/" done in 6.352 μs
[03:40:24] [main/TRACE] [REI] [REIPlugin START] Reloading Section: "start-reload/FluidSupportProviderImpl/"
[03:40:24] [main/TRACE] [REI] [REIPlugin START] Reloading Section: "start-reload/FluidSupportProviderImpl/" done in 24.84 μs
[03:40:24] [main/TRACE] [REI] [REIPlugin START] Reloading Section: "start-reload/" done in 2.936 ms
[03:40:24] [main/DEBUG] [REI] ========================================
[03:40:24] [main/DEBUG] [REI] REIPlugin started main-reload for START.
[03:40:24] [main/DEBUG] [REI] ========================================
[03:40:24] [main/TRACE] [REI] [REIPlugin START] Reloading Section: "reloadable-plugin/EntryTypeRegistryImpl/"
[03:40:24] [main/TRACE] [REI] [REIPlugin START] Reloading Section: "reloadable-plugin/EntryTypeRegistryImpl/DefaultPluginImpl of DefaultPluginImpl [roughlyenoughitems]/"
[03:40:24] [main/TRACE] [REI] [REIPlugin START] Reloading Section: "reloadable-plugin/EntryTypeRegistryImpl/DefaultPluginImpl of DefaultPluginImpl [roughlyenoughitems]/" done in 215.2 μs
[03:40:24] [main/TRACE] [REI] [REIPlugin START] Reloading Section: "reloadable-plugin/EntryTypeRegistryImpl/DefaultRuntimePlugin of DefaultRuntimePlugin [roughlyenoughitems]/"
[03:40:24] [main/TRACE] [REI] [REIPlugin START] Reloading Section: "reloadable-plugin/EntryTypeRegistryImpl/DefaultRuntimePlugin of DefaultRuntimePlugin [roughlyenoughitems]/" done in 11.18 ms
[03:40:24] [main/TRACE] [REI] [REIPlugin START] Reloading Section: "reloadable-plugin/EntryTypeRegistryImpl/AetherREIServerPlugin of AetherREIServerPlugin [aether]/"
[03:40:24] [main/TRACE] [REI] [REIPlugin START] Reloading Section: "reloadable-plugin/EntryTypeRegistryImpl/AetherREIServerPlugin of AetherREIServerPlugin [aether]/" done in 25.77 μs
[03:40:24] [main/TRACE] [REI] [REIPlugin START] Reloading Section: "reloadable-plugin/EntryTypeRegistryImpl/" done in 13.47 ms
[03:40:24] [main/TRACE] [REI] [REIPlugin START] Reloading Section: "reloadable-plugin/EntrySettingsAdapterRegistryImpl/"
[03:40:24] [main/TRACE] [REI] [REIPlugin START] Reloading Section: "reloadable-plugin/EntrySettingsAdapterRegistryImpl/DefaultPluginImpl of DefaultPluginImpl [roughlyenoughitems]/"
[03:40:24] [main/TRACE] [REI] [REIPlugin START] Reloading Section: "reloadable-plugin/EntrySettingsAdapterRegistryImpl/DefaultPluginImpl of DefaultPluginImpl [roughlyenoughitems]/" done in 14.02 μs
[03:40:24] [main/TRACE] [REI] [REIPlugin START] Reloading Section: "reloadable-plugin/EntrySettingsAdapterRegistryImpl/DefaultRuntimePlugin of DefaultRuntimePlugin [roughlyenoughitems]/"
[03:40:24] [main/TRACE] [REI] [REIPlugin START] Reloading Section: "reloadable-plugin/EntrySettingsAdapterRegistryImpl/DefaultRuntimePlugin of DefaultRuntimePlugin [roughlyenoughitems]/" done in 12.92 μs
[03:40:24] [main/TRACE] [REI] [REIPlugin START] Reloading Section: "reloadable-plugin/EntrySettingsAdapterRegistryImpl/AetherREIServerPlugin of AetherREIServerPlugin [aether]/"
[03:40:24] [main/TRACE] [REI] [REIPlugin START] Reloading Section: "reloadable-plugin/EntrySettingsAdapterRegistryImpl/AetherREIServerPlugin of AetherREIServerPlugin [aether]/" done in 12.13 μs
[03:40:24] [main/TRACE] [REI] [REIPlugin START] Reloading Section: "reloadable-plugin/EntrySettingsAdapterRegistryImpl/" done in 583.5 μs
[03:40:24] [main/TRACE] [REI] [REIPlugin START] Reloading Section: "reloadable-plugin/RecipeManagerContextImpl/"
[03:40:24] [main/TRACE] [REI] [REIPlugin START] Reloading Section: "reloadable-plugin/RecipeManagerContextImpl/DefaultPluginImpl of DefaultPluginImpl [roughlyenoughitems]/"
[03:40:24] [main/TRACE] [REI] [REIPlugin START] Reloading Section: "reloadable-plugin/RecipeManagerContextImpl/DefaultPluginImpl of DefaultPluginImpl [roughlyenoughitems]/" done in 8.877 μs
[03:40:24] [main/TRACE] [REI] [REIPlugin START] Reloading Section: "reloadable-plugin/RecipeManagerContextImpl/DefaultRuntimePlugin of DefaultRuntimePlugin [roughlyenoughitems]/"
[03:40:24] [main/TRACE] [REI] [REIPlugin START] Reloading Section: "reloadable-plugin/RecipeManagerContextImpl/DefaultRuntimePlugin of DefaultRuntimePlugin [roughlyenoughitems]/" done in 8.766 μs
[03:40:24] [main/TRACE] [REI] [REIPlugin START] Reloading Section: "reloadable-plugin/RecipeManagerContextImpl/AetherREIServerPlugin of AetherREIServerPlugin [aether]/"
[03:40:24] [main/TRACE] [REI] [REIPlugin START] Reloading Section: "reloadable-plugin/RecipeManagerContextImpl/AetherREIServerPlugin of AetherREIServerPlugin [aether]/" done in 8.667 μs
[03:40:24] [main/TRACE] [REI] [REIPlugin START] Reloading Section: "reloadable-plugin/RecipeManagerContextImpl/" done in 403.9 μs
[03:40:24] [main/TRACE] [REI] [REIPlugin START] Reloading Section: "reloadable-plugin/ItemComparatorRegistryImpl/"
[03:40:24] [main/TRACE] [REI] [REIPlugin START] Reloading Section: "reloadable-plugin/ItemComparatorRegistryImpl/DefaultPluginImpl of DefaultPluginImpl [roughlyenoughitems]/"
[03:40:24] [main/TRACE] [REI] [REIPlugin START] Reloading Section: "reloadable-plugin/ItemComparatorRegistryImpl/DefaultPluginImpl of DefaultPluginImpl [roughlyenoughitems]/" done in 792.5 μs
[03:40:24] [main/TRACE] [REI] [REIPlugin START] Reloading Section: "reloadable-plugin/ItemComparatorRegistryImpl/DefaultRuntimePlugin of DefaultRuntimePlugin [roughlyenoughitems]/"
[03:40:24] [main/TRACE] [REI] [REIPlugin START] Reloading Section: "reloadable-plugin/ItemComparatorRegistryImpl/DefaultRuntimePlugin of DefaultRuntimePlugin [roughlyenoughitems]/" done in 11.41 μs
[03:40:24] [main/TRACE] [REI] [REIPlugin START] Reloading Section: "reloadable-plugin/ItemComparatorRegistryImpl/AetherREIServerPlugin of AetherREIServerPlugin [aether]/"
[03:40:24] [main/TRACE] [REI] [REIPlugin START] Reloading Section: "reloadable-plugin/ItemComparatorRegistryImpl/AetherREIServerPlugin of AetherREIServerPlugin [aether]/" done in 9.137 μs
[03:40:24] [main/TRACE] [REI] [REIPlugin START] Reloading Section: "reloadable-plugin/ItemComparatorRegistryImpl/" done in 1.292 ms
[03:40:24] [main/TRACE] [REI] [REIPlugin START] Reloading Section: "reloadable-plugin/FluidComparatorRegistryImpl/"
[03:40:24] [main/TRACE] [REI] [REIPlugin START] Reloading Section: "reloadable-plugin/FluidComparatorRegistryImpl/DefaultPluginImpl of DefaultPluginImpl [roughlyenoughitems]/"
[03:40:24] [main/TRACE] [REI] [REIPlugin START] Reloading Section: "reloadable-plugin/FluidComparatorRegistryImpl/DefaultPluginImpl of DefaultPluginImpl [roughlyenoughitems]/" done in 15.69 μs
[03:40:24] [main/TRACE] [REI] [REIPlugin START] Reloading Section: "reloadable-plugin/FluidComparatorRegistryImpl/DefaultRuntimePlugin of DefaultRuntimePlugin [roughlyenoughitems]/"
[03:40:24] [main/TRACE] [REI] [REIPlugin START] Reloading Section: "reloadable-plugin/FluidComparatorRegistryImpl/DefaultRuntimePlugin of DefaultRuntimePlugin [roughlyenoughitems]/" done in 10.80 μs
[03:40:24] [main/TRACE] [REI] [REIPlugin START] Reloading Section: "reloadable-plugin/FluidComparatorRegistryImpl/AetherREIServerPlugin of AetherREIServerPlugin [aether]/"
[03:40:24] [main/TRACE] [REI] [REIPlugin START] Reloading Section: "reloadable-plugin/FluidComparatorRegistryImpl/AetherREIServerPlugin of AetherREIServerPlugin [aether]/" done in 37.83 μs
[03:40:24] [main/TRACE] [REI] [REIPlugin START] Reloading Section: "reloadable-plugin/FluidComparatorRegistryImpl/" done in 538.0 μs
[03:40:24] [main/TRACE] [REI] [REIPlugin START] Reloading Section: "reloadable-plugin/DisplaySerializerRegistryImpl/"
[03:40:24] [main/TRACE] [REI] [REIPlugin START] Reloading Section: "reloadable-plugin/DisplaySerializerRegistryImpl/DefaultPluginImpl of DefaultPluginImpl [roughlyenoughitems]/"
[03:40:24] [main/TRACE] [REI] [REIPlugin START] Reloading Section: "reloadable-plugin/DisplaySerializerRegistryImpl/DefaultPluginImpl of DefaultPluginImpl [roughlyenoughitems]/" done in 11.69 μs
[03:40:24] [main/TRACE] [REI] [REIPlugin START] Reloading Section: "reloadable-plugin/DisplaySerializerRegistryImpl/DefaultRuntimePlugin of DefaultRuntimePlugin [roughlyenoughitems]/"
[03:40:24] [main/TRACE] [REI] [REIPlugin START] Reloading Section: "reloadable-plugin/DisplaySerializerRegistryImpl/DefaultRuntimePlugin of DefaultRuntimePlugin [roughlyenoughitems]/" done in 10.93 μs
[03:40:24] [main/TRACE] [REI] [REIPlugin START] Reloading Section: "reloadable-plugin/DisplaySerializerRegistryImpl/AetherREIServerPlugin of AetherREIServerPlugin [aether]/"
[03:40:24] [main/TRACE] [REI] [REIPlugin START] Reloading Section: "reloadable-plugin/DisplaySerializerRegistryImpl/AetherREIServerPlugin of AetherREIServerPlugin [aether]/" done in 12.08 μs
[03:40:24] [main/TRACE] [REI] [REIPlugin START] Reloading Section: "reloadable-plugin/DisplaySerializerRegistryImpl/" done in 577.5 μs
[03:40:24] [main/TRACE] [REI] [REIPlugin START] Reloading Section: "reloadable-plugin/FluidSupportProviderImpl/"
[03:40:24] [main/TRACE] [REI] [REIPlugin START] Reloading Section: "reloadable-plugin/FluidSupportProviderImpl/DefaultPluginImpl of DefaultPluginImpl [roughlyenoughitems]/"
[03:40:24] [main/TRACE] [REI] [REIPlugin START] Reloading Section: "reloadable-plugin/FluidSupportProviderImpl/DefaultPluginImpl of DefaultPluginImpl [roughlyenoughitems]/" done in 772.5 μs
[03:40:24] [main/TRACE] [REI] [REIPlugin START] Reloading Section: "reloadable-plugin/FluidSupportProviderImpl/DefaultRuntimePlugin of DefaultRuntimePlugin [roughlyenoughitems]/"
[03:40:24] [main/TRACE] [REI] [REIPlugin START] Reloading Section: "reloadable-plugin/FluidSupportProviderImpl/DefaultRuntimePlugin of DefaultRuntimePlugin [roughlyenoughitems]/" done in 14.24 μs
[03:40:24] [main/TRACE] [REI] [REIPlugin START] Reloading Section: "reloadable-plugin/FluidSupportProviderImpl/AetherREIServerPlugin of AetherREIServerPlugin [aether]/"
[03:40:24] [main/TRACE] [REI] [REIPlugin START] Reloading Section: "reloadable-plugin/FluidSupportProviderImpl/AetherREIServerPlugin of AetherREIServerPlugin [aether]/" done in 11.54 μs
[03:40:24] [main/TRACE] [REI] [REIPlugin START] Reloading Section: "reloadable-plugin/FluidSupportProviderImpl/" done in 1.457 ms
[03:40:24] [main/DEBUG] [REI] ========================================
[03:40:24] [main/DEBUG] [REI] REIPlugin ending main-reload for START.
[03:40:24] [main/DEBUG] [REI] ========================================
[03:40:24] [main/TRACE] [REI] [REIPlugin START] Reloading Section: "end-reload/"
[03:40:24] [main/TRACE] [REI] [REIPlugin START] Reloading Section: "end-reload/EntryTypeRegistryImpl/"
[03:40:24] [main/TRACE] [REI] [REIPlugin START] Reloading Section: "end-reload/EntryTypeRegistryImpl/" done in 13.88 μs
[03:40:24] [main/TRACE] [REI] [REIPlugin START] Reloading Section: "end-reload/EntrySettingsAdapterRegistryImpl/"
[03:40:24] [main/TRACE] [REI] [REIPlugin START] Reloading Section: "end-reload/EntrySettingsAdapterRegistryImpl/" done in 6.352 μs
[03:40:24] [main/TRACE] [REI] [REIPlugin START] Reloading Section: "end-reload/RecipeManagerContextImpl/"
[03:40:24] [main/TRACE] [REI] [REIPlugin START] Reloading Section: "end-reload/RecipeManagerContextImpl/" done in 6.231 μs
[03:40:24] [main/TRACE] [REI] [REIPlugin START] Reloading Section: "end-reload/ItemComparatorRegistryImpl/"
[03:40:24] [main/TRACE] [REI] [REIPlugin START] Reloading Section: "end-reload/ItemComparatorRegistryImpl/" done in 6.582 μs
[03:40:24] [main/TRACE] [REI] [REIPlugin START] Reloading Section: "end-reload/FluidComparatorRegistryImpl/"
[03:40:24] [main/TRACE] [REI] [REIPlugin START] Reloading Section: "end-reload/FluidComparatorRegistryImpl/" done in 6.803 μs
[03:40:24] [main/TRACE] [REI] [REIPlugin START] Reloading Section: "end-reload/DisplaySerializerRegistryImpl/"
[03:40:24] [main/TRACE] [REI] [REIPlugin START] Reloading Section: "end-reload/DisplaySerializerRegistryImpl/" done in 6.452 μs
[03:40:24] [main/TRACE] [REI] [REIPlugin START] Reloading Section: "end-reload/FluidSupportProviderImpl/"
[03:40:24] [main/TRACE] [REI] [REIPlugin START] Reloading Section: "end-reload/FluidSupportProviderImpl/" done in 6.572 μs
[03:40:24] [main/TRACE] [REI] [REIPlugin START] Reloading Section: "end-reload/" done in 1.260 ms
[03:40:24] [main/DEBUG] [REI] ========================================
[03:40:24] [main/DEBUG] [REI] REIPlugin ended main-reload for START in 30.40 ms.
[03:40:24] [main/DEBUG] [REI] ========================================
[03:40:24] [main/INFO] [REI] %%%%%%%%%%%%%%%%%%%%%%%%%%%%%%%%%%%%%%%%
[03:40:24] [main/INFO] [REI] REIServerPlugin starting main-reload for START.
[03:40:24] [main/DEBUG] [REI] Reloadables (2):
[03:40:24] [main/DEBUG] [REI]  - MenuInfoRegistryImpl
[03:40:24] [main/DEBUG] [REI]  - SlotAccessorRegistryImpl
[03:40:24] [main/INFO] [REI] Plugins (3):
[03:40:24] [main/INFO] [REI]  - (-100.00) DefaultPluginImpl of DefaultPluginImpl [roughlyenoughitems]
[03:40:24] [main/INFO] [REI]  - (0.00) AetherREIServerPlugin of AetherREIServerPlugin [aether]
[03:40:24] [main/INFO] [REI]  - (0.00) DefaultRuntimePlugin of DefaultRuntimePlugin [roughlyenoughitems]
[03:40:24] [main/INFO] [REI] %%%%%%%%%%%%%%%%%%%%%%%%%%%%%%%%%%%%%%%%
[03:40:24] [main/TRACE] [REI] [REIServerPlugin START] Reloading Section: "start-reload/"
[03:40:24] [main/TRACE] [REI] [REIServerPlugin START] Reloading Section: "start-reload/MenuInfoRegistryImpl/"
[03:40:24] [main/TRACE] [REI] [REIServerPlugin START] Reloading Section: "start-reload/MenuInfoRegistryImpl/" done in 8.596 μs
[03:40:24] [main/TRACE] [REI] [REIServerPlugin START] Reloading Section: "start-reload/SlotAccessorRegistryImpl/"
[03:40:24] [main/TRACE] [REI] [REIServerPlugin START] Reloading Section: "start-reload/SlotAccessorRegistryImpl/" done in 6.883 μs
[03:40:24] [main/TRACE] [REI] [REIServerPlugin START] Reloading Section: "start-reload/" done in 385.4 μs
[03:40:24] [main/DEBUG] [REI] ========================================
[03:40:24] [main/DEBUG] [REI] REIServerPlugin started main-reload for START.
[03:40:24] [main/DEBUG] [REI] ========================================
[03:40:24] [main/TRACE] [REI] [REIServerPlugin START] Reloading Section: "reloadable-plugin/MenuInfoRegistryImpl/"
[03:40:24] [main/TRACE] [REI] [REIServerPlugin START] Reloading Section: "reloadable-plugin/MenuInfoRegistryImpl/DefaultPluginImpl of DefaultPluginImpl [roughlyenoughitems]/"
[03:40:24] [main/TRACE] [REI] [REIServerPlugin START] Reloading Section: "reloadable-plugin/MenuInfoRegistryImpl/DefaultPluginImpl of DefaultPluginImpl [roughlyenoughitems]/" done in 10.49 μs
[03:40:24] [main/TRACE] [REI] [REIServerPlugin START] Reloading Section: "reloadable-plugin/MenuInfoRegistryImpl/AetherREIServerPlugin of AetherREIServerPlugin [aether]/"
[03:40:24] [main/TRACE] [REI] [REIServerPlugin START] Reloading Section: "reloadable-plugin/MenuInfoRegistryImpl/AetherREIServerPlugin of AetherREIServerPlugin [aether]/" done in 9.978 μs
[03:40:24] [main/TRACE] [REI] [REIServerPlugin START] Reloading Section: "reloadable-plugin/MenuInfoRegistryImpl/DefaultRuntimePlugin of DefaultRuntimePlugin [roughlyenoughitems]/"
[03:40:24] [main/TRACE] [REI] [REIServerPlugin START] Reloading Section: "reloadable-plugin/MenuInfoRegistryImpl/DefaultRuntimePlugin of DefaultRuntimePlugin [roughlyenoughitems]/" done in 9.247 μs
[03:40:24] [main/TRACE] [REI] [REIServerPlugin START] Reloading Section: "reloadable-plugin/MenuInfoRegistryImpl/" done in 514.3 μs
[03:40:24] [main/TRACE] [REI] [REIServerPlugin START] Reloading Section: "reloadable-plugin/SlotAccessorRegistryImpl/"
[03:40:24] [main/TRACE] [REI] [REIServerPlugin START] Reloading Section: "reloadable-plugin/SlotAccessorRegistryImpl/DefaultPluginImpl of DefaultPluginImpl [roughlyenoughitems]/"
[03:40:24] [main/TRACE] [REI] [REIServerPlugin START] Reloading Section: "reloadable-plugin/SlotAccessorRegistryImpl/DefaultPluginImpl of DefaultPluginImpl [roughlyenoughitems]/" done in 9.438 μs
[03:40:24] [main/TRACE] [REI] [REIServerPlugin START] Reloading Section: "reloadable-plugin/SlotAccessorRegistryImpl/AetherREIServerPlugin of AetherREIServerPlugin [aether]/"
[03:40:24] [main/TRACE] [REI] [REIServerPlugin START] Reloading Section: "reloadable-plugin/SlotAccessorRegistryImpl/AetherREIServerPlugin of AetherREIServerPlugin [aether]/" done in 9.849 μs
[03:40:24] [main/TRACE] [REI] [REIServerPlugin START] Reloading Section: "reloadable-plugin/SlotAccessorRegistryImpl/DefaultRuntimePlugin of DefaultRuntimePlugin [roughlyenoughitems]/"
[03:40:24] [main/TRACE] [REI] [REIServerPlugin START] Reloading Section: "reloadable-plugin/SlotAccessorRegistryImpl/DefaultRuntimePlugin of DefaultRuntimePlugin [roughlyenoughitems]/" done in 8.977 μs
[03:40:24] [main/TRACE] [REI] [REIServerPlugin START] Reloading Section: "reloadable-plugin/SlotAccessorRegistryImpl/" done in 480.9 μs
[03:40:24] [main/DEBUG] [REI] ========================================
[03:40:24] [main/DEBUG] [REI] REIServerPlugin ending main-reload for START.
[03:40:24] [main/DEBUG] [REI] ========================================
[03:40:24] [main/TRACE] [REI] [REIServerPlugin START] Reloading Section: "end-reload/"
[03:40:24] [main/TRACE] [REI] [REIServerPlugin START] Reloading Section: "end-reload/MenuInfoRegistryImpl/"
[03:40:24] [main/TRACE] [REI] [REIServerPlugin START] Reloading Section: "end-reload/MenuInfoRegistryImpl/" done in 6.993 μs
[03:40:24] [main/TRACE] [REI] [REIServerPlugin START] Reloading Section: "end-reload/SlotAccessorRegistryImpl/"
[03:40:24] [main/TRACE] [REI] [REIServerPlugin START] Reloading Section: "end-reload/SlotAccessorRegistryImpl/" done in 6.292 μs
[03:40:24] [main/TRACE] [REI] [REIServerPlugin START] Reloading Section: "end-reload/" done in 299.9 μs
[03:40:24] [main/DEBUG] [REI] ========================================
[03:40:24] [main/DEBUG] [REI] REIServerPlugin ended main-reload for START in 5.930 ms.
[03:40:24] [main/DEBUG] [REI] ========================================
[03:40:24] [main/DEBUG] [REI] ========================================
[03:40:24] [main/DEBUG] [REI] REIPlugin starting post-reload for START.
[03:40:24] [main/DEBUG] [REI] Reloadables (7):
[03:40:24] [main/DEBUG] [REI]  - EntryTypeRegistryImpl
[03:40:24] [main/DEBUG] [REI]  - EntrySettingsAdapterRegistryImpl
[03:40:24] [main/DEBUG] [REI]  - RecipeManagerContextImpl
[03:40:24] [main/DEBUG] [REI]  - ItemComparatorRegistryImpl
[03:40:24] [main/DEBUG] [REI]  - FluidComparatorRegistryImpl
[03:40:24] [main/DEBUG] [REI]  - DisplaySerializerRegistryImpl
[03:40:24] [main/DEBUG] [REI]  - FluidSupportProviderImpl
[03:40:24] [main/DEBUG] [REI] Plugins (3):
[03:40:24] [main/DEBUG] [REI]  - (-100.00) DefaultPluginImpl of DefaultPluginImpl [roughlyenoughitems]
[03:40:24] [main/DEBUG] [REI]  - (0.00) DefaultRuntimePlugin of DefaultRuntimePlugin [roughlyenoughitems]
[03:40:24] [main/DEBUG] [REI]  - (0.00) AetherREIServerPlugin of AetherREIServerPlugin [aether]
[03:40:24] [main/DEBUG] [REI] ========================================
[03:40:24] [main/TRACE] [REI] [REIPlugin START] Reloading Section: "post-register/"
[03:40:24] [main/TRACE] [REI] [REIPlugin START] Reloading Section: "post-register/DefaultPluginImpl of DefaultPluginImpl [roughlyenoughitems]/"
[03:40:24] [main/TRACE] [REI] [REIPlugin START] Reloading Section: "post-register/DefaultPluginImpl of DefaultPluginImpl [roughlyenoughitems]/" done in 163.4 μs
[03:40:24] [main/TRACE] [REI] [REIPlugin START] Reloading Section: "post-register/DefaultRuntimePlugin of DefaultRuntimePlugin [roughlyenoughitems]/"
[03:40:24] [main/TRACE] [REI] [REIPlugin START] Reloading Section: "post-register/DefaultRuntimePlugin of DefaultRuntimePlugin [roughlyenoughitems]/" done in 9.027 μs
[03:40:24] [main/TRACE] [REI] [REIPlugin START] Reloading Section: "post-register/AetherREIServerPlugin of AetherREIServerPlugin [aether]/"
[03:40:24] [main/TRACE] [REI] [REIPlugin START] Reloading Section: "post-register/AetherREIServerPlugin of AetherREIServerPlugin [aether]/" done in 8.246 μs
[03:40:24] [main/TRACE] [REI] [REIPlugin START] Reloading Section: "post-register/" done in 912.7 μs
[03:40:24] [main/TRACE] [REI] [REIPlugin START] Reloading Section: "post-stage/"
[03:40:24] [main/TRACE] [REI] [REIPlugin START] Reloading Section: "post-stage/EntryTypeRegistryImpl/"
[03:40:24] [main/TRACE] [REI] [REIPlugin START] Reloading Section: "post-stage/EntryTypeRegistryImpl/" done in 10.67 μs
[03:40:24] [main/TRACE] [REI] [REIPlugin START] Reloading Section: "post-stage/EntrySettingsAdapterRegistryImpl/"
[03:40:24] [main/TRACE] [REI] [REIPlugin START] Reloading Section: "post-stage/EntrySettingsAdapterRegistryImpl/" done in 14.61 μs
[03:40:24] [main/TRACE] [REI] [REIPlugin START] Reloading Section: "post-stage/RecipeManagerContextImpl/"
[03:40:24] [main/TRACE] [REI] [REIPlugin START] Reloading Section: "post-stage/RecipeManagerContextImpl/" done in 6.272 μs
[03:40:24] [main/TRACE] [REI] [REIPlugin START] Reloading Section: "post-stage/ItemComparatorRegistryImpl/"
[03:40:24] [main/TRACE] [REI] [REIPlugin START] Reloading Section: "post-stage/ItemComparatorRegistryImpl/" done in 7.534 μs
[03:40:24] [main/TRACE] [REI] [REIPlugin START] Reloading Section: "post-stage/FluidComparatorRegistryImpl/"
[03:40:24] [main/TRACE] [REI] [REIPlugin START] Reloading Section: "post-stage/FluidComparatorRegistryImpl/" done in 5.781 μs
[03:40:24] [main/TRACE] [REI] [REIPlugin START] Reloading Section: "post-stage/DisplaySerializerRegistryImpl/"
[03:40:24] [main/TRACE] [REI] [REIPlugin START] Reloading Section: "post-stage/DisplaySerializerRegistryImpl/" done in 5.621 μs
[03:40:24] [main/TRACE] [REI] [REIPlugin START] Reloading Section: "post-stage/FluidSupportProviderImpl/"
[03:40:24] [main/TRACE] [REI] [REIPlugin START] Reloading Section: "post-stage/FluidSupportProviderImpl/" done in 14.02 μs
[03:40:24] [main/TRACE] [REI] [REIPlugin START] Reloading Section: "post-stage/" done in 1.437 ms
[03:40:24] [main/DEBUG] [REI] ========================================
[03:40:24] [main/INFO] [REI] REIPlugin finished post-reload for START in 2.718 ms, totaling 55.62 ms.
[03:40:24] [main/DEBUG] [REI] ========================================
[03:40:24] [main/DEBUG] [REI] ========================================
[03:40:24] [main/DEBUG] [REI] REIServerPlugin starting post-reload for START.
[03:40:24] [main/DEBUG] [REI] Reloadables (2):
[03:40:24] [main/DEBUG] [REI]  - MenuInfoRegistryImpl
[03:40:24] [main/DEBUG] [REI]  - SlotAccessorRegistryImpl
[03:40:24] [main/DEBUG] [REI] Plugins (3):
[03:40:24] [main/DEBUG] [REI]  - (-100.00) DefaultPluginImpl of DefaultPluginImpl [roughlyenoughitems]
[03:40:24] [main/DEBUG] [REI]  - (0.00) AetherREIServerPlugin of AetherREIServerPlugin [aether]
[03:40:24] [main/DEBUG] [REI]  - (0.00) DefaultRuntimePlugin of DefaultRuntimePlugin [roughlyenoughitems]
[03:40:24] [main/DEBUG] [REI] ========================================
[03:40:24] [main/TRACE] [REI] [REIServerPlugin START] Reloading Section: "post-register/"
[03:40:24] [main/TRACE] [REI] [REIServerPlugin START] Reloading Section: "post-register/DefaultPluginImpl of DefaultPluginImpl [roughlyenoughitems]/"
[03:40:24] [main/TRACE] [REI] [REIServerPlugin START] Reloading Section: "post-register/DefaultPluginImpl of DefaultPluginImpl [roughlyenoughitems]/" done in 23.48 μs
[03:40:24] [main/TRACE] [REI] [REIServerPlugin START] Reloading Section: "post-register/AetherREIServerPlugin of AetherREIServerPlugin [aether]/"
[03:40:24] [main/TRACE] [REI] [REIServerPlugin START] Reloading Section: "post-register/AetherREIServerPlugin of AetherREIServerPlugin [aether]/" done in 12.47 μs
[03:40:24] [main/TRACE] [REI] [REIServerPlugin START] Reloading Section: "post-register/DefaultRuntimePlugin of DefaultRuntimePlugin [roughlyenoughitems]/"
[03:40:24] [main/TRACE] [REI] [REIServerPlugin START] Reloading Section: "post-register/DefaultRuntimePlugin of DefaultRuntimePlugin [roughlyenoughitems]/" done in 8.206 μs
[03:40:24] [main/TRACE] [REI] [REIServerPlugin START] Reloading Section: "post-register/" done in 677.0 μs
[03:40:24] [main/TRACE] [REI] [REIServerPlugin START] Reloading Section: "post-stage/"
[03:40:24] [main/TRACE] [REI] [REIServerPlugin START] Reloading Section: "post-stage/MenuInfoRegistryImpl/"
[03:40:24] [main/TRACE] [REI] [REIServerPlugin START] Reloading Section: "post-stage/MenuInfoRegistryImpl/" done in 6.182 μs
[03:40:24] [main/TRACE] [REI] [REIServerPlugin START] Reloading Section: "post-stage/SlotAccessorRegistryImpl/"
[03:40:24] [main/TRACE] [REI] [REIServerPlugin START] Reloading Section: "post-stage/SlotAccessorRegistryImpl/" done in 5.540 μs
[03:40:24] [main/TRACE] [REI] [REIServerPlugin START] Reloading Section: "post-stage/" done in 343.3 μs
[03:40:24] [main/DEBUG] [REI] ========================================
[03:40:24] [main/INFO] [REI] REIServerPlugin finished post-reload for START in 1.320 ms, totaling 8.571 ms.
[03:40:24] [main/DEBUG] [REI] ========================================
[03:40:24] [main/DEBUG] [REI] ========================================
[03:40:24] [main/DEBUG] [REI] REIPlugin starting pre-reload for END.
[03:40:24] [main/DEBUG] [REI] Reloadables (7):
[03:40:24] [main/DEBUG] [REI]  - EntryTypeRegistryImpl
[03:40:24] [main/DEBUG] [REI]  - EntrySettingsAdapterRegistryImpl
[03:40:24] [main/DEBUG] [REI]  - RecipeManagerContextImpl
[03:40:24] [main/DEBUG] [REI]  - ItemComparatorRegistryImpl
[03:40:24] [main/DEBUG] [REI]  - FluidComparatorRegistryImpl
[03:40:24] [main/DEBUG] [REI]  - DisplaySerializerRegistryImpl
[03:40:24] [main/DEBUG] [REI]  - FluidSupportProviderImpl
[03:40:24] [main/DEBUG] [REI] Plugins (3):
[03:40:24] [main/DEBUG] [REI]  - (-100.00) DefaultPluginImpl of DefaultPluginImpl [roughlyenoughitems]
[03:40:24] [main/DEBUG] [REI]  - (0.00) DefaultRuntimePlugin of DefaultRuntimePlugin [roughlyenoughitems]
[03:40:24] [main/DEBUG] [REI]  - (0.00) AetherREIServerPlugin of AetherREIServerPlugin [aether]
[03:40:24] [main/DEBUG] [REI] ========================================
[03:40:24] [main/TRACE] [REI] [REIPlugin END] Reloading Section: "pre-register/"
[03:40:24] [main/TRACE] [REI] [REIPlugin END] Reloading Section: "pre-register/DefaultPluginImpl of DefaultPluginImpl [roughlyenoughitems]/"
[03:40:24] [main/TRACE] [REI] [REIPlugin END] Reloading Section: "pre-register/DefaultPluginImpl of DefaultPluginImpl [roughlyenoughitems]/" done in 7.684 μs
[03:40:24] [main/TRACE] [REI] [REIPlugin END] Reloading Section: "pre-register/DefaultRuntimePlugin of DefaultRuntimePlugin [roughlyenoughitems]/"
[03:40:24] [main/TRACE] [REI] [REIPlugin END] Reloading Section: "pre-register/DefaultRuntimePlugin of DefaultRuntimePlugin [roughlyenoughitems]/" done in 5.721 μs
[03:40:24] [main/TRACE] [REI] [REIPlugin END] Reloading Section: "pre-register/AetherREIServerPlugin of AetherREIServerPlugin [aether]/"
[03:40:24] [main/TRACE] [REI] [REIPlugin END] Reloading Section: "pre-register/AetherREIServerPlugin of AetherREIServerPlugin [aether]/" done in 5.510 μs
[03:40:24] [main/TRACE] [REI] [REIPlugin END] Reloading Section: "pre-register/" done in 343.5 μs
[03:40:24] [main/TRACE] [REI] [REIPlugin END] Reloading Section: "pre-stage/"
[03:40:24] [main/TRACE] [REI] [REIPlugin END] Reloading Section: "pre-stage/EntryTypeRegistryImpl/"
[03:40:24] [main/TRACE] [REI] [REIPlugin END] Reloading Section: "pre-stage/EntryTypeRegistryImpl/" done in 5.480 μs
[03:40:24] [main/TRACE] [REI] [REIPlugin END] Reloading Section: "pre-stage/EntrySettingsAdapterRegistryImpl/"
[03:40:24] [main/TRACE] [REI] [REIPlugin END] Reloading Section: "pre-stage/EntrySettingsAdapterRegistryImpl/" done in 6.813 μs
[03:40:24] [main/TRACE] [REI] [REIPlugin END] Reloading Section: "pre-stage/RecipeManagerContextImpl/"
[03:40:24] [main/TRACE] [REI] [REIPlugin END] Reloading Section: "pre-stage/RecipeManagerContextImpl/" done in 6.221 μs
[03:40:24] [main/TRACE] [REI] [REIPlugin END] Reloading Section: "pre-stage/ItemComparatorRegistryImpl/"
[03:40:24] [main/TRACE] [REI] [REIPlugin END] Reloading Section: "pre-stage/ItemComparatorRegistryImpl/" done in 6.612 μs
[03:40:24] [main/TRACE] [REI] [REIPlugin END] Reloading Section: "pre-stage/FluidComparatorRegistryImpl/"
[03:40:24] [main/TRACE] [REI] [REIPlugin END] Reloading Section: "pre-stage/FluidComparatorRegistryImpl/" done in 5.039 μs
[03:40:24] [main/TRACE] [REI] [REIPlugin END] Reloading Section: "pre-stage/DisplaySerializerRegistryImpl/"
[03:40:24] [main/TRACE] [REI] [REIPlugin END] Reloading Section: "pre-stage/DisplaySerializerRegistryImpl/" done in 4.468 μs
[03:40:24] [main/TRACE] [REI] [REIPlugin END] Reloading Section: "pre-stage/FluidSupportProviderImpl/"
[03:40:24] [main/TRACE] [REI] [REIPlugin END] Reloading Section: "pre-stage/FluidSupportProviderImpl/" done in 4.238 μs
[03:40:24] [main/TRACE] [REI] [REIPlugin END] Reloading Section: "pre-stage/" done in 996.6 μs
[03:40:24] [main/DEBUG] [REI] ========================================
[03:40:24] [main/DEBUG] [REI] REIPlugin finished pre-reload for END in 1.573 ms.
[03:40:24] [main/DEBUG] [REI] ========================================
[03:40:24] [main/DEBUG] [REI] ========================================
[03:40:24] [main/DEBUG] [REI] REIServerPlugin starting pre-reload for END.
[03:40:24] [main/DEBUG] [REI] Reloadables (2):
[03:40:24] [main/DEBUG] [REI]  - MenuInfoRegistryImpl
[03:40:24] [main/DEBUG] [REI]  - SlotAccessorRegistryImpl
[03:40:24] [main/DEBUG] [REI] Plugins (3):
[03:40:24] [main/DEBUG] [REI]  - (-100.00) DefaultPluginImpl of DefaultPluginImpl [roughlyenoughitems]
[03:40:24] [main/DEBUG] [REI]  - (0.00) AetherREIServerPlugin of AetherREIServerPlugin [aether]
[03:40:24] [main/DEBUG] [REI]  - (0.00) DefaultRuntimePlugin of DefaultRuntimePlugin [roughlyenoughitems]
[03:40:24] [main/DEBUG] [REI] ========================================
[03:40:24] [main/TRACE] [REI] [REIServerPlugin END] Reloading Section: "pre-register/"
[03:40:24] [main/TRACE] [REI] [REIServerPlugin END] Reloading Section: "pre-register/DefaultPluginImpl of DefaultPluginImpl [roughlyenoughitems]/"
[03:40:24] [main/TRACE] [REI] [REIServerPlugin END] Reloading Section: "pre-register/DefaultPluginImpl of DefaultPluginImpl [roughlyenoughitems]/" done in 7.985 μs
[03:40:24] [main/TRACE] [REI] [REIServerPlugin END] Reloading Section: "pre-register/AetherREIServerPlugin of AetherREIServerPlugin [aether]/"
[03:40:24] [main/TRACE] [REI] [REIServerPlugin END] Reloading Section: "pre-register/AetherREIServerPlugin of AetherREIServerPlugin [aether]/" done in 7.153 μs
[03:40:24] [main/TRACE] [REI] [REIServerPlugin END] Reloading Section: "pre-register/DefaultRuntimePlugin of DefaultRuntimePlugin [roughlyenoughitems]/"
[03:40:24] [main/TRACE] [REI] [REIServerPlugin END] Reloading Section: "pre-register/DefaultRuntimePlugin of DefaultRuntimePlugin [roughlyenoughitems]/" done in 7.003 μs
[03:40:24] [main/TRACE] [REI] [REIServerPlugin END] Reloading Section: "pre-register/" done in 462.9 μs
[03:40:24] [main/TRACE] [REI] [REIServerPlugin END] Reloading Section: "pre-stage/"
[03:40:24] [main/TRACE] [REI] [REIServerPlugin END] Reloading Section: "pre-stage/MenuInfoRegistryImpl/"
[03:40:24] [main/TRACE] [REI] [REIServerPlugin END] Reloading Section: "pre-stage/MenuInfoRegistryImpl/" done in 6.462 μs
[03:40:24] [main/TRACE] [REI] [REIServerPlugin END] Reloading Section: "pre-stage/SlotAccessorRegistryImpl/"
[03:40:24] [main/TRACE] [REI] [REIServerPlugin END] Reloading Section: "pre-stage/SlotAccessorRegistryImpl/" done in 5.811 μs
[03:40:24] [main/TRACE] [REI] [REIServerPlugin END] Reloading Section: "pre-stage/" done in 233.4 μs
[03:40:24] [main/DEBUG] [REI] ========================================
[03:40:24] [main/DEBUG] [REI] REIServerPlugin finished pre-reload for END in 915.1 μs.
[03:40:24] [main/DEBUG] [REI] ========================================
[03:40:24] [main/INFO] [REI] ++++++++++++++++++++++++++++++++++++++++
[03:40:24] [main/INFO] [REI] REIPlugin starting main-reload for END.
[03:40:24] [main/DEBUG] [REI] Reloadables (7):
[03:40:24] [main/DEBUG] [REI]  - EntryTypeRegistryImpl
[03:40:24] [main/DEBUG] [REI]  - EntrySettingsAdapterRegistryImpl
[03:40:24] [main/DEBUG] [REI]  - RecipeManagerContextImpl
[03:40:24] [main/DEBUG] [REI]  - ItemComparatorRegistryImpl
[03:40:24] [main/DEBUG] [REI]  - FluidComparatorRegistryImpl
[03:40:24] [main/DEBUG] [REI]  - DisplaySerializerRegistryImpl
[03:40:24] [main/DEBUG] [REI]  - FluidSupportProviderImpl
[03:40:24] [main/INFO] [REI] Plugins (3):
[03:40:24] [main/INFO] [REI]  - (-100.00) DefaultPluginImpl of DefaultPluginImpl [roughlyenoughitems]
[03:40:24] [main/INFO] [REI]  - (0.00) DefaultRuntimePlugin of DefaultRuntimePlugin [roughlyenoughitems]
[03:40:24] [main/INFO] [REI]  - (0.00) AetherREIServerPlugin of AetherREIServerPlugin [aether]
[03:40:24] [main/INFO] [REI] ++++++++++++++++++++++++++++++++++++++++
[03:40:24] [main/TRACE] [REI] [REIPlugin END] Reloading Section: "start-reload/"
[03:40:24] [main/TRACE] [REI] [REIPlugin END] Reloading Section: "start-reload/EntryTypeRegistryImpl/"
[03:40:24] [main/TRACE] [REI] [REIPlugin END] Reloading Section: "start-reload/EntryTypeRegistryImpl/" done in 5.931 μs
[03:40:24] [main/TRACE] [REI] [REIPlugin END] Reloading Section: "start-reload/EntrySettingsAdapterRegistryImpl/"
[03:40:24] [main/TRACE] [REI] [REIPlugin END] Reloading Section: "start-reload/EntrySettingsAdapterRegistryImpl/" done in 15.98 μs
[03:40:24] [main/TRACE] [REI] [REIPlugin END] Reloading Section: "start-reload/RecipeManagerContextImpl/"
[03:40:24] [main/TRACE] [REI] [REIPlugin END] Reloading Section: "start-reload/RecipeManagerContextImpl/" done in 5.901 μs
[03:40:24] [main/TRACE] [REI] [REIPlugin END] Reloading Section: "start-reload/ItemComparatorRegistryImpl/"
[03:40:24] [main/TRACE] [REI] [REIPlugin END] Reloading Section: "start-reload/ItemComparatorRegistryImpl/" done in 4.849 μs
[03:40:24] [main/TRACE] [REI] [REIPlugin END] Reloading Section: "start-reload/FluidComparatorRegistryImpl/"
[03:40:24] [main/TRACE] [REI] [REIPlugin END] Reloading Section: "start-reload/FluidComparatorRegistryImpl/" done in 4.789 μs
[03:40:24] [main/TRACE] [REI] [REIPlugin END] Reloading Section: "start-reload/DisplaySerializerRegistryImpl/"
[03:40:24] [main/TRACE] [REI] [REIPlugin END] Reloading Section: "start-reload/DisplaySerializerRegistryImpl/" done in 10.86 μs
[03:40:24] [main/TRACE] [REI] [REIPlugin END] Reloading Section: "start-reload/FluidSupportProviderImpl/"
[03:40:24] [main/TRACE] [REI] [REIPlugin END] Reloading Section: "start-reload/FluidSupportProviderImpl/" done in 4.679 μs
[03:40:24] [main/TRACE] [REI] [REIPlugin END] Reloading Section: "start-reload/" done in 686.4 μs
[03:40:24] [main/DEBUG] [REI] ========================================
[03:40:24] [main/DEBUG] [REI] REIPlugin started main-reload for END.
[03:40:24] [main/DEBUG] [REI] ========================================
[03:40:24] [main/TRACE] [REI] [REIPlugin END] Reloading Section: "reloadable-plugin/EntryTypeRegistryImpl/"
[03:40:24] [main/TRACE] [REI] [REIPlugin END] Reloading Section: "reloadable-plugin/EntryTypeRegistryImpl/DefaultPluginImpl of DefaultPluginImpl [roughlyenoughitems]/"
[03:40:24] [main/TRACE] [REI] [REIPlugin END] Reloading Section: "reloadable-plugin/EntryTypeRegistryImpl/DefaultPluginImpl of DefaultPluginImpl [roughlyenoughitems]/" done in 1.617 ms
[03:40:24] [main/TRACE] [REI] [REIPlugin END] Reloading Section: "reloadable-plugin/EntryTypeRegistryImpl/DefaultRuntimePlugin of DefaultRuntimePlugin [roughlyenoughitems]/"
[03:40:24] [main/TRACE] [REI] [REIPlugin END] Reloading Section: "reloadable-plugin/EntryTypeRegistryImpl/DefaultRuntimePlugin of DefaultRuntimePlugin [roughlyenoughitems]/" done in 10.64 μs
[03:40:24] [main/TRACE] [REI] [REIPlugin END] Reloading Section: "reloadable-plugin/EntryTypeRegistryImpl/AetherREIServerPlugin of AetherREIServerPlugin [aether]/"
[03:40:24] [main/TRACE] [REI] [REIPlugin END] Reloading Section: "reloadable-plugin/EntryTypeRegistryImpl/AetherREIServerPlugin of AetherREIServerPlugin [aether]/" done in 10.42 μs
[03:40:24] [main/TRACE] [REI] [REIPlugin END] Reloading Section: "reloadable-plugin/EntryTypeRegistryImpl/" done in 1.967 ms
[03:40:24] [main/TRACE] [REI] [REIPlugin END] Reloading Section: "reloadable-plugin/EntrySettingsAdapterRegistryImpl/"
[03:40:24] [main/TRACE] [REI] [REIPlugin END] Reloading Section: "reloadable-plugin/EntrySettingsAdapterRegistryImpl/DefaultPluginImpl of DefaultPluginImpl [roughlyenoughitems]/"
[03:40:24] [main/TRACE] [REI] [REIPlugin END] Reloading Section: "reloadable-plugin/EntrySettingsAdapterRegistryImpl/DefaultPluginImpl of DefaultPluginImpl [roughlyenoughitems]/" done in 18.15 μs
[03:40:24] [main/TRACE] [REI] [REIPlugin END] Reloading Section: "reloadable-plugin/EntrySettingsAdapterRegistryImpl/DefaultRuntimePlugin of DefaultRuntimePlugin [roughlyenoughitems]/"
[03:40:24] [main/TRACE] [REI] [REIPlugin END] Reloading Section: "reloadable-plugin/EntrySettingsAdapterRegistryImpl/DefaultRuntimePlugin of DefaultRuntimePlugin [roughlyenoughitems]/" done in 10.22 μs
[03:40:24] [main/TRACE] [REI] [REIPlugin END] Reloading Section: "reloadable-plugin/EntrySettingsAdapterRegistryImpl/AetherREIServerPlugin of AetherREIServerPlugin [aether]/"
[03:40:24] [main/TRACE] [REI] [REIPlugin END] Reloading Section: "reloadable-plugin/EntrySettingsAdapterRegistryImpl/AetherREIServerPlugin of AetherREIServerPlugin [aether]/" done in 9.738 μs
[03:40:24] [main/TRACE] [REI] [REIPlugin END] Reloading Section: "reloadable-plugin/EntrySettingsAdapterRegistryImpl/" done in 346.0 μs
[03:40:24] [main/TRACE] [REI] [REIPlugin END] Reloading Section: "reloadable-plugin/RecipeManagerContextImpl/"
[03:40:24] [main/TRACE] [REI] [REIPlugin END] Reloading Section: "reloadable-plugin/RecipeManagerContextImpl/DefaultPluginImpl of DefaultPluginImpl [roughlyenoughitems]/"
[03:40:24] [main/TRACE] [REI] [REIPlugin END] Reloading Section: "reloadable-plugin/RecipeManagerContextImpl/DefaultPluginImpl of DefaultPluginImpl [roughlyenoughitems]/" done in 10.24 μs
[03:40:24] [main/TRACE] [REI] [REIPlugin END] Reloading Section: "reloadable-plugin/RecipeManagerContextImpl/DefaultRuntimePlugin of DefaultRuntimePlugin [roughlyenoughitems]/"
[03:40:24] [main/TRACE] [REI] [REIPlugin END] Reloading Section: "reloadable-plugin/RecipeManagerContextImpl/DefaultRuntimePlugin of DefaultRuntimePlugin [roughlyenoughitems]/" done in 11.83 μs
[03:40:24] [main/TRACE] [REI] [REIPlugin END] Reloading Section: "reloadable-plugin/RecipeManagerContextImpl/AetherREIServerPlugin of AetherREIServerPlugin [aether]/"
[03:40:24] [main/TRACE] [REI] [REIPlugin END] Reloading Section: "reloadable-plugin/RecipeManagerContextImpl/AetherREIServerPlugin of AetherREIServerPlugin [aether]/" done in 10.46 μs
[03:40:24] [main/TRACE] [REI] [REIPlugin END] Reloading Section: "reloadable-plugin/RecipeManagerContextImpl/" done in 318.5 μs
[03:40:24] [main/TRACE] [REI] [REIPlugin END] Reloading Section: "reloadable-plugin/ItemComparatorRegistryImpl/"
[03:40:24] [main/TRACE] [REI] [REIPlugin END] Reloading Section: "reloadable-plugin/ItemComparatorRegistryImpl/DefaultPluginImpl of DefaultPluginImpl [roughlyenoughitems]/"
[03:40:24] [main/TRACE] [REI] [REIPlugin END] Reloading Section: "reloadable-plugin/ItemComparatorRegistryImpl/DefaultPluginImpl of DefaultPluginImpl [roughlyenoughitems]/" done in 24.92 μs
[03:40:24] [main/TRACE] [REI] [REIPlugin END] Reloading Section: "reloadable-plugin/ItemComparatorRegistryImpl/DefaultRuntimePlugin of DefaultRuntimePlugin [roughlyenoughitems]/"
[03:40:24] [main/TRACE] [REI] [REIPlugin END] Reloading Section: "reloadable-plugin/ItemComparatorRegistryImpl/DefaultRuntimePlugin of DefaultRuntimePlugin [roughlyenoughitems]/" done in 12.90 μs
[03:40:24] [main/TRACE] [REI] [REIPlugin END] Reloading Section: "reloadable-plugin/ItemComparatorRegistryImpl/AetherREIServerPlugin of AetherREIServerPlugin [aether]/"
[03:40:24] [main/TRACE] [REI] [REIPlugin END] Reloading Section: "reloadable-plugin/ItemComparatorRegistryImpl/AetherREIServerPlugin of AetherREIServerPlugin [aether]/" done in 10.95 μs
[03:40:24] [main/TRACE] [REI] [REIPlugin END] Reloading Section: "reloadable-plugin/ItemComparatorRegistryImpl/" done in 999.4 μs
[03:40:24] [main/TRACE] [REI] [REIPlugin END] Reloading Section: "reloadable-plugin/FluidComparatorRegistryImpl/"
[03:40:24] [main/TRACE] [REI] [REIPlugin END] Reloading Section: "reloadable-plugin/FluidComparatorRegistryImpl/DefaultPluginImpl of DefaultPluginImpl [roughlyenoughitems]/"
[03:40:24] [main/TRACE] [REI] [REIPlugin END] Reloading Section: "reloadable-plugin/FluidComparatorRegistryImpl/DefaultPluginImpl of DefaultPluginImpl [roughlyenoughitems]/" done in 29.91 μs
[03:40:24] [main/TRACE] [REI] [REIPlugin END] Reloading Section: "reloadable-plugin/FluidComparatorRegistryImpl/DefaultRuntimePlugin of DefaultRuntimePlugin [roughlyenoughitems]/"
[03:40:24] [main/TRACE] [REI] [REIPlugin END] Reloading Section: "reloadable-plugin/FluidComparatorRegistryImpl/DefaultRuntimePlugin of DefaultRuntimePlugin [roughlyenoughitems]/" done in 13.62 μs
[03:40:24] [main/TRACE] [REI] [REIPlugin END] Reloading Section: "reloadable-plugin/FluidComparatorRegistryImpl/AetherREIServerPlugin of AetherREIServerPlugin [aether]/"
[03:40:24] [main/TRACE] [REI] [REIPlugin END] Reloading Section: "reloadable-plugin/FluidComparatorRegistryImpl/AetherREIServerPlugin of AetherREIServerPlugin [aether]/" done in 10.56 μs
[03:40:24] [main/TRACE] [REI] [REIPlugin END] Reloading Section: "reloadable-plugin/FluidComparatorRegistryImpl/" done in 755.6 μs
[03:40:24] [main/TRACE] [REI] [REIPlugin END] Reloading Section: "reloadable-plugin/DisplaySerializerRegistryImpl/"
[03:40:24] [main/TRACE] [REI] [REIPlugin END] Reloading Section: "reloadable-plugin/DisplaySerializerRegistryImpl/DefaultPluginImpl of DefaultPluginImpl [roughlyenoughitems]/"
[03:40:24] [main/TRACE] [REI] [REIPlugin END] Reloading Section: "reloadable-plugin/DisplaySerializerRegistryImpl/DefaultPluginImpl of DefaultPluginImpl [roughlyenoughitems]/" done in 18.42 ms
[03:40:24] [main/TRACE] [REI] [REIPlugin END] Reloading Section: "reloadable-plugin/DisplaySerializerRegistryImpl/DefaultRuntimePlugin of DefaultRuntimePlugin [roughlyenoughitems]/"
[03:40:24] [main/TRACE] [REI] [REIPlugin END] Reloading Section: "reloadable-plugin/DisplaySerializerRegistryImpl/DefaultRuntimePlugin of DefaultRuntimePlugin [roughlyenoughitems]/" done in 20.92 μs
[03:40:24] [main/TRACE] [REI] [REIPlugin END] Reloading Section: "reloadable-plugin/DisplaySerializerRegistryImpl/AetherREIServerPlugin of AetherREIServerPlugin [aether]/"
[03:40:24] [main/TRACE] [REI] [REIPlugin END] Reloading Section: "reloadable-plugin/DisplaySerializerRegistryImpl/AetherREIServerPlugin of AetherREIServerPlugin [aether]/" done in 836.3 μs
[03:40:24] [main/TRACE] [REI] [REIPlugin END] Reloading Section: "reloadable-plugin/DisplaySerializerRegistryImpl/" done in 20.34 ms
[03:40:24] [main/TRACE] [REI] [REIPlugin END] Reloading Section: "reloadable-plugin/FluidSupportProviderImpl/"
[03:40:24] [main/TRACE] [REI] [REIPlugin END] Reloading Section: "reloadable-plugin/FluidSupportProviderImpl/DefaultPluginImpl of DefaultPluginImpl [roughlyenoughitems]/"
[03:40:24] [main/TRACE] [REI] [REIPlugin END] Reloading Section: "reloadable-plugin/FluidSupportProviderImpl/DefaultPluginImpl of DefaultPluginImpl [roughlyenoughitems]/" done in 11.18 μs
[03:40:24] [main/TRACE] [REI] [REIPlugin END] Reloading Section: "reloadable-plugin/FluidSupportProviderImpl/DefaultRuntimePlugin of DefaultRuntimePlugin [roughlyenoughitems]/"
[03:40:24] [main/TRACE] [REI] [REIPlugin END] Reloading Section: "reloadable-plugin/FluidSupportProviderImpl/DefaultRuntimePlugin of DefaultRuntimePlugin [roughlyenoughitems]/" done in 10.65 μs
[03:40:24] [main/TRACE] [REI] [REIPlugin END] Reloading Section: "reloadable-plugin/FluidSupportProviderImpl/AetherREIServerPlugin of AetherREIServerPlugin [aether]/"
[03:40:24] [main/TRACE] [REI] [REIPlugin END] Reloading Section: "reloadable-plugin/FluidSupportProviderImpl/AetherREIServerPlugin of AetherREIServerPlugin [aether]/" done in 10.22 μs
[03:40:24] [main/TRACE] [REI] [REIPlugin END] Reloading Section: "reloadable-plugin/FluidSupportProviderImpl/" done in 673.2 μs
[03:40:24] [main/DEBUG] [REI] ========================================
[03:40:24] [main/DEBUG] [REI] REIPlugin ending main-reload for END.
[03:40:24] [main/DEBUG] [REI] ========================================
[03:40:24] [main/TRACE] [REI] [REIPlugin END] Reloading Section: "end-reload/"
[03:40:24] [main/TRACE] [REI] [REIPlugin END] Reloading Section: "end-reload/EntryTypeRegistryImpl/"
[03:40:24] [main/TRACE] [REI] [REIPlugin END] Reloading Section: "end-reload/EntryTypeRegistryImpl/" done in 6.543 μs
[03:40:24] [main/TRACE] [REI] [REIPlugin END] Reloading Section: "end-reload/EntrySettingsAdapterRegistryImpl/"
[03:40:24] [main/TRACE] [REI] [REIPlugin END] Reloading Section: "end-reload/EntrySettingsAdapterRegistryImpl/" done in 5.310 μs
[03:40:24] [main/TRACE] [REI] [REIPlugin END] Reloading Section: "end-reload/RecipeManagerContextImpl/"
[03:40:24] [main/TRACE] [REI] [REIPlugin END] Reloading Section: "end-reload/RecipeManagerContextImpl/" done in 4.949 μs
[03:40:24] [main/TRACE] [REI] [REIPlugin END] Reloading Section: "end-reload/ItemComparatorRegistryImpl/"
[03:40:24] [main/TRACE] [REI] [REIPlugin END] Reloading Section: "end-reload/ItemComparatorRegistryImpl/" done in 5.840 μs
[03:40:24] [main/TRACE] [REI] [REIPlugin END] Reloading Section: "end-reload/FluidComparatorRegistryImpl/"
[03:40:24] [main/TRACE] [REI] [REIPlugin END] Reloading Section: "end-reload/FluidComparatorRegistryImpl/" done in 6.181 μs
[03:40:24] [main/TRACE] [REI] [REIPlugin END] Reloading Section: "end-reload/DisplaySerializerRegistryImpl/"
[03:40:24] [main/TRACE] [REI] [REIPlugin END] Reloading Section: "end-reload/DisplaySerializerRegistryImpl/" done in 6.151 μs
[03:40:24] [main/TRACE] [REI] [REIPlugin END] Reloading Section: "end-reload/FluidSupportProviderImpl/"
[03:40:24] [main/TRACE] [REI] [REIPlugin END] Reloading Section: "end-reload/FluidSupportProviderImpl/" done in 6.001 μs
[03:40:24] [main/TRACE] [REI] [REIPlugin END] Reloading Section: "end-reload/" done in 1.650 ms
[03:40:24] [main/DEBUG] [REI] ========================================
[03:40:24] [main/DEBUG] [REI] REIPlugin ended main-reload for END in 32.32 ms.
[03:40:24] [main/DEBUG] [REI] ========================================
[03:40:24] [main/INFO] [REI] %%%%%%%%%%%%%%%%%%%%%%%%%%%%%%%%%%%%%%%%
[03:40:24] [main/INFO] [REI] REIServerPlugin starting main-reload for END.
[03:40:24] [main/DEBUG] [REI] Reloadables (2):
[03:40:24] [main/DEBUG] [REI]  - MenuInfoRegistryImpl
[03:40:24] [main/DEBUG] [REI]  - SlotAccessorRegistryImpl
[03:40:24] [main/INFO] [REI] Plugins (3):
[03:40:24] [main/INFO] [REI]  - (-100.00) DefaultPluginImpl of DefaultPluginImpl [roughlyenoughitems]
[03:40:24] [main/INFO] [REI]  - (0.00) AetherREIServerPlugin of AetherREIServerPlugin [aether]
[03:40:24] [main/INFO] [REI]  - (0.00) DefaultRuntimePlugin of DefaultRuntimePlugin [roughlyenoughitems]
[03:40:24] [main/INFO] [REI] %%%%%%%%%%%%%%%%%%%%%%%%%%%%%%%%%%%%%%%%
[03:40:24] [main/TRACE] [REI] [REIServerPlugin END] Reloading Section: "start-reload/"
[03:40:24] [main/TRACE] [REI] [REIServerPlugin END] Reloading Section: "start-reload/MenuInfoRegistryImpl/"
[03:40:24] [main/TRACE] [REI] [REIServerPlugin END] Reloading Section: "start-reload/MenuInfoRegistryImpl/" done in 40.85 μs
[03:40:24] [main/TRACE] [REI] [REIServerPlugin END] Reloading Section: "start-reload/SlotAccessorRegistryImpl/"
[03:40:24] [main/TRACE] [REI] [REIServerPlugin END] Reloading Section: "start-reload/SlotAccessorRegistryImpl/" done in 14.34 μs
[03:40:24] [main/TRACE] [REI] [REIServerPlugin END] Reloading Section: "start-reload/" done in 604.3 μs
[03:40:24] [main/DEBUG] [REI] ========================================
[03:40:24] [main/DEBUG] [REI] REIServerPlugin started main-reload for END.
[03:40:24] [main/DEBUG] [REI] ========================================
[03:40:24] [main/TRACE] [REI] [REIServerPlugin END] Reloading Section: "reloadable-plugin/MenuInfoRegistryImpl/"
[03:40:24] [main/TRACE] [REI] [REIServerPlugin END] Reloading Section: "reloadable-plugin/MenuInfoRegistryImpl/DefaultPluginImpl of DefaultPluginImpl [roughlyenoughitems]/"
[03:40:24] [main/TRACE] [REI] [REIServerPlugin END] Reloading Section: "reloadable-plugin/MenuInfoRegistryImpl/DefaultPluginImpl of DefaultPluginImpl [roughlyenoughitems]/" done in 47.29 μs
[03:40:24] [main/TRACE] [REI] [REIServerPlugin END] Reloading Section: "reloadable-plugin/MenuInfoRegistryImpl/AetherREIServerPlugin of AetherREIServerPlugin [aether]/"
[03:40:24] [main/TRACE] [REI] [REIServerPlugin END] Reloading Section: "reloadable-plugin/MenuInfoRegistryImpl/AetherREIServerPlugin of AetherREIServerPlugin [aether]/" done in 11.06 μs
[03:40:24] [main/TRACE] [REI] [REIServerPlugin END] Reloading Section: "reloadable-plugin/MenuInfoRegistryImpl/DefaultRuntimePlugin of DefaultRuntimePlugin [roughlyenoughitems]/"
[03:40:24] [main/TRACE] [REI] [REIServerPlugin END] Reloading Section: "reloadable-plugin/MenuInfoRegistryImpl/DefaultRuntimePlugin of DefaultRuntimePlugin [roughlyenoughitems]/" done in 10.61 μs
[03:40:24] [main/TRACE] [REI] [REIServerPlugin END] Reloading Section: "reloadable-plugin/MenuInfoRegistryImpl/" done in 836.9 μs
[03:40:24] [main/TRACE] [REI] [REIServerPlugin END] Reloading Section: "reloadable-plugin/SlotAccessorRegistryImpl/"
[03:40:24] [main/TRACE] [REI] [REIServerPlugin END] Reloading Section: "reloadable-plugin/SlotAccessorRegistryImpl/DefaultPluginImpl of DefaultPluginImpl [roughlyenoughitems]/"
[03:40:24] [main/TRACE] [REI] [REIServerPlugin END] Reloading Section: "reloadable-plugin/SlotAccessorRegistryImpl/DefaultPluginImpl of DefaultPluginImpl [roughlyenoughitems]/" done in 20.81 μs
[03:40:24] [main/TRACE] [REI] [REIServerPlugin END] Reloading Section: "reloadable-plugin/SlotAccessorRegistryImpl/AetherREIServerPlugin of AetherREIServerPlugin [aether]/"
[03:40:24] [main/TRACE] [REI] [REIServerPlugin END] Reloading Section: "reloadable-plugin/SlotAccessorRegistryImpl/AetherREIServerPlugin of AetherREIServerPlugin [aether]/" done in 13.67 μs
[03:40:24] [main/TRACE] [REI] [REIServerPlugin END] Reloading Section: "reloadable-plugin/SlotAccessorRegistryImpl/DefaultRuntimePlugin of DefaultRuntimePlugin [roughlyenoughitems]/"
[03:40:24] [main/DEBUG] [REI] Added slot accessor serializer: me.shedaniel.rei.plugin.common.runtime.DefaultRuntimePlugin$1@275afe97 [roughlyenoughitems:vanilla]
[03:40:24] [main/DEBUG] [REI] Added slot accessor serializer: me.shedaniel.rei.plugin.common.runtime.DefaultRuntimePlugin$2@2e6242f1 [roughlyenoughitems:player]
[03:40:24] [main/TRACE] [REI] [REIServerPlugin END] Reloading Section: "reloadable-plugin/SlotAccessorRegistryImpl/DefaultRuntimePlugin of DefaultRuntimePlugin [roughlyenoughitems]/" done in 1.946 ms
[03:40:24] [main/TRACE] [REI] [REIServerPlugin END] Reloading Section: "reloadable-plugin/SlotAccessorRegistryImpl/" done in 2.374 ms
[03:40:24] [main/DEBUG] [REI] ========================================
[03:40:24] [main/DEBUG] [REI] REIServerPlugin ending main-reload for END.
[03:40:24] [main/DEBUG] [REI] ========================================
[03:40:24] [main/TRACE] [REI] [REIServerPlugin END] Reloading Section: "end-reload/"
[03:40:24] [main/TRACE] [REI] [REIServerPlugin END] Reloading Section: "end-reload/MenuInfoRegistryImpl/"
[03:40:24] [main/DEBUG] [REI] Registered 0 menu infos
[03:40:24] [main/TRACE] [REI] [REIServerPlugin END] Reloading Section: "end-reload/MenuInfoRegistryImpl/" done in 238.4 μs
[03:40:24] [main/TRACE] [REI] [REIServerPlugin END] Reloading Section: "end-reload/SlotAccessorRegistryImpl/"
[03:40:24] [main/DEBUG] [REI] Registered 2 slot accessor serializers
[03:40:24] [main/TRACE] [REI] [REIServerPlugin END] Reloading Section: "end-reload/SlotAccessorRegistryImpl/" done in 123.3 μs
[03:40:24] [main/TRACE] [REI] [REIServerPlugin END] Reloading Section: "end-reload/" done in 639.9 μs
[03:40:24] [main/DEBUG] [REI] ========================================
[03:40:24] [main/DEBUG] [REI] REIServerPlugin ended main-reload for END in 11.84 ms.
[03:40:24] [main/DEBUG] [REI] ========================================
[03:40:24] [main/DEBUG] [REI] ========================================
[03:40:24] [main/DEBUG] [REI] REIPlugin starting post-reload for END.
[03:40:24] [main/DEBUG] [REI] Reloadables (7):
[03:40:24] [main/DEBUG] [REI]  - EntryTypeRegistryImpl
[03:40:24] [main/DEBUG] [REI]  - EntrySettingsAdapterRegistryImpl
[03:40:24] [main/DEBUG] [REI]  - RecipeManagerContextImpl
[03:40:24] [main/DEBUG] [REI]  - ItemComparatorRegistryImpl
[03:40:24] [main/DEBUG] [REI]  - FluidComparatorRegistryImpl
[03:40:24] [main/DEBUG] [REI]  - DisplaySerializerRegistryImpl
[03:40:24] [main/DEBUG] [REI]  - FluidSupportProviderImpl
[03:40:24] [main/DEBUG] [REI] Plugins (3):
[03:40:24] [main/DEBUG] [REI]  - (-100.00) DefaultPluginImpl of DefaultPluginImpl [roughlyenoughitems]
[03:40:24] [main/DEBUG] [REI]  - (0.00) DefaultRuntimePlugin of DefaultRuntimePlugin [roughlyenoughitems]
[03:40:24] [main/DEBUG] [REI]  - (0.00) AetherREIServerPlugin of AetherREIServerPlugin [aether]
[03:40:24] [main/DEBUG] [REI] ========================================
[03:40:24] [main/TRACE] [REI] [REIPlugin END] Reloading Section: "post-register/"
[03:40:24] [main/TRACE] [REI] [REIPlugin END] Reloading Section: "post-register/DefaultPluginImpl of DefaultPluginImpl [roughlyenoughitems]/"
[03:40:24] [main/TRACE] [REI] [REIPlugin END] Reloading Section: "post-register/DefaultPluginImpl of DefaultPluginImpl [roughlyenoughitems]/" done in 10.02 μs
[03:40:24] [main/TRACE] [REI] [REIPlugin END] Reloading Section: "post-register/DefaultRuntimePlugin of DefaultRuntimePlugin [roughlyenoughitems]/"
[03:40:24] [main/TRACE] [REI] [REIPlugin END] Reloading Section: "post-register/DefaultRuntimePlugin of DefaultRuntimePlugin [roughlyenoughitems]/" done in 13.52 μs
[03:40:24] [main/TRACE] [REI] [REIPlugin END] Reloading Section: "post-register/AetherREIServerPlugin of AetherREIServerPlugin [aether]/"
[03:40:24] [main/TRACE] [REI] [REIPlugin END] Reloading Section: "post-register/AetherREIServerPlugin of AetherREIServerPlugin [aether]/" done in 7.143 μs
[03:40:24] [main/TRACE] [REI] [REIPlugin END] Reloading Section: "post-register/" done in 615.5 μs
[03:40:24] [main/TRACE] [REI] [REIPlugin END] Reloading Section: "post-stage/"
[03:40:24] [main/TRACE] [REI] [REIPlugin END] Reloading Section: "post-stage/EntryTypeRegistryImpl/"
[03:40:24] [main/TRACE] [REI] [REIPlugin END] Reloading Section: "post-stage/EntryTypeRegistryImpl/" done in 7.334 μs
[03:40:24] [main/TRACE] [REI] [REIPlugin END] Reloading Section: "post-stage/EntrySettingsAdapterRegistryImpl/"
[03:40:24] [main/TRACE] [REI] [REIPlugin END] Reloading Section: "post-stage/EntrySettingsAdapterRegistryImpl/" done in 6.271 μs
[03:40:24] [main/TRACE] [REI] [REIPlugin END] Reloading Section: "post-stage/RecipeManagerContextImpl/"
[03:40:24] [main/TRACE] [REI] [REIPlugin END] Reloading Section: "post-stage/RecipeManagerContextImpl/" done in 5.821 μs
[03:40:24] [main/TRACE] [REI] [REIPlugin END] Reloading Section: "post-stage/ItemComparatorRegistryImpl/"
[03:40:24] [main/TRACE] [REI] [REIPlugin END] Reloading Section: "post-stage/ItemComparatorRegistryImpl/" done in 6.232 μs
[03:40:24] [main/TRACE] [REI] [REIPlugin END] Reloading Section: "post-stage/FluidComparatorRegistryImpl/"
[03:40:24] [main/TRACE] [REI] [REIPlugin END] Reloading Section: "post-stage/FluidComparatorRegistryImpl/" done in 6.291 μs
[03:40:24] [main/TRACE] [REI] [REIPlugin END] Reloading Section: "post-stage/DisplaySerializerRegistryImpl/"
[03:40:24] [main/TRACE] [REI] [REIPlugin END] Reloading Section: "post-stage/DisplaySerializerRegistryImpl/" done in 5.681 μs
[03:40:24] [main/TRACE] [REI] [REIPlugin END] Reloading Section: "post-stage/FluidSupportProviderImpl/"
[03:40:24] [main/TRACE] [REI] [REIPlugin END] Reloading Section: "post-stage/FluidSupportProviderImpl/" done in 5.941 μs
[03:40:24] [main/TRACE] [REI] [REIPlugin END] Reloading Section: "post-stage/" done in 1.587 ms
[03:40:24] [main/DEBUG] [REI] ========================================
[03:40:24] [main/INFO] [REI] REIPlugin finished post-reload for END in 2.667 ms, totaling 36.34 ms.
[03:40:24] [main/DEBUG] [REI] ========================================
[03:40:24] [main/DEBUG] [REI] ========================================
[03:40:24] [main/DEBUG] [REI] REIServerPlugin starting post-reload for END.
[03:40:24] [main/DEBUG] [REI] Reloadables (2):
[03:40:24] [main/DEBUG] [REI]  - MenuInfoRegistryImpl
[03:40:24] [main/DEBUG] [REI]  - SlotAccessorRegistryImpl
[03:40:24] [main/DEBUG] [REI] Plugins (3):
[03:40:24] [main/DEBUG] [REI]  - (-100.00) DefaultPluginImpl of DefaultPluginImpl [roughlyenoughitems]
[03:40:24] [main/DEBUG] [REI]  - (0.00) AetherREIServerPlugin of AetherREIServerPlugin [aether]
[03:40:24] [main/DEBUG] [REI]  - (0.00) DefaultRuntimePlugin of DefaultRuntimePlugin [roughlyenoughitems]
[03:40:24] [main/DEBUG] [REI] ========================================
[03:40:24] [main/TRACE] [REI] [REIServerPlugin END] Reloading Section: "post-register/"
[03:40:24] [main/TRACE] [REI] [REIServerPlugin END] Reloading Section: "post-register/DefaultPluginImpl of DefaultPluginImpl [roughlyenoughitems]/"
[03:40:24] [main/TRACE] [REI] [REIServerPlugin END] Reloading Section: "post-register/DefaultPluginImpl of DefaultPluginImpl [roughlyenoughitems]/" done in 10.16 μs
[03:40:24] [main/TRACE] [REI] [REIServerPlugin END] Reloading Section: "post-register/AetherREIServerPlugin of AetherREIServerPlugin [aether]/"
[03:40:24] [main/TRACE] [REI] [REIServerPlugin END] Reloading Section: "post-register/AetherREIServerPlugin of AetherREIServerPlugin [aether]/" done in 6.733 μs
[03:40:24] [main/TRACE] [REI] [REIServerPlugin END] Reloading Section: "post-register/DefaultRuntimePlugin of DefaultRuntimePlugin [roughlyenoughitems]/"
[03:40:24] [main/TRACE] [REI] [REIServerPlugin END] Reloading Section: "post-register/DefaultRuntimePlugin of DefaultRuntimePlugin [roughlyenoughitems]/" done in 5.911 μs
[03:40:24] [main/TRACE] [REI] [REIServerPlugin END] Reloading Section: "post-register/" done in 271.9 μs
[03:40:24] [main/TRACE] [REI] [REIServerPlugin END] Reloading Section: "post-stage/"
[03:40:24] [main/TRACE] [REI] [REIServerPlugin END] Reloading Section: "post-stage/MenuInfoRegistryImpl/"
[03:40:24] [main/TRACE] [REI] [REIServerPlugin END] Reloading Section: "post-stage/MenuInfoRegistryImpl/" done in 4.759 μs
[03:40:24] [main/TRACE] [REI] [REIServerPlugin END] Reloading Section: "post-stage/SlotAccessorRegistryImpl/"
[03:40:24] [main/TRACE] [REI] [REIServerPlugin END] Reloading Section: "post-stage/SlotAccessorRegistryImpl/" done in 3.807 μs
[03:40:24] [main/TRACE] [REI] [REIServerPlugin END] Reloading Section: "post-stage/" done in 134.8 μs
[03:40:24] [main/DEBUG] [REI] ========================================
[03:40:24] [main/INFO] [REI] REIServerPlugin finished post-reload for END in 1.196 ms, totaling 13.72 ms.
[03:40:24] [main/DEBUG] [REI] ========================================
